<?xml version="1.0" encoding="UTF-8"?>
<testsuite xmlns:xsi="http://www.w3.org/2001/XMLSchema-instance" xsi:noNamespaceSchemaLocation="https://maven.apache.org/surefire/maven-surefire-plugin/xsd/surefire-test-report.xsd" name="in.org.iudx.catalogue.ui.server.TestMainVerticle" time="0.299" tests="1" errors="0" skipped="0" failures="0">
  <properties>
    <property name="sun.desktop" value="gnome"/>
    <property name="awt.toolkit" value="sun.awt.X11.XToolkit"/>
    <property name="file.encoding.pkg" value="sun.io"/>
    <property name="java.specification.version" value="1.8"/>
    <property name="sun.cpu.isalist" value=""/>
    <property name="sun.jnu.encoding" value="UTF-8"/>
    <property name="java.class.path" value="/home/peejay/Desktop/rbccps/github/iudx-ui/target/test-classes:/home/peejay/Desktop/rbccps/github/iudx-ui/target/classes:/home/peejay/.m2/repository/io/vertx/vertx-web/4.0.0-SNAPSHOT/vertx-web-4.0.0-SNAPSHOT.jar:/home/peejay/.m2/repository/io/vertx/vertx-web-common/4.0.0-SNAPSHOT/vertx-web-common-4.0.0-SNAPSHOT.jar:/home/peejay/.m2/repository/io/vertx/vertx-auth-common/4.0.0-SNAPSHOT/vertx-auth-common-4.0.0-SNAPSHOT.jar:/home/peejay/.m2/repository/io/vertx/vertx-bridge-common/4.0.0-SNAPSHOT/vertx-bridge-common-4.0.0-SNAPSHOT.jar:/home/peejay/.m2/repository/io/vertx/vertx-core/4.0.0-SNAPSHOT/vertx-core-4.0.0-SNAPSHOT.jar:/home/peejay/.m2/repository/io/netty/netty-common/4.1.42.Final/netty-common-4.1.42.Final.jar:/home/peejay/.m2/repository/io/netty/netty-buffer/4.1.42.Final/netty-buffer-4.1.42.Final.jar:/home/peejay/.m2/repository/io/netty/netty-transport/4.1.42.Final/netty-transport-4.1.42.Final.jar:/home/peejay/.m2/repository/io/netty/netty-handler/4.1.42.Final/netty-handler-4.1.42.Final.jar:/home/peejay/.m2/repository/io/netty/netty-codec/4.1.42.Final/netty-codec-4.1.42.Final.jar:/home/peejay/.m2/repository/io/netty/netty-handler-proxy/4.1.42.Final/netty-handler-proxy-4.1.42.Final.jar:/home/peejay/.m2/repository/io/netty/netty-codec-socks/4.1.42.Final/netty-codec-socks-4.1.42.Final.jar:/home/peejay/.m2/repository/io/netty/netty-codec-http/4.1.42.Final/netty-codec-http-4.1.42.Final.jar:/home/peejay/.m2/repository/io/netty/netty-codec-http2/4.1.42.Final/netty-codec-http2-4.1.42.Final.jar:/home/peejay/.m2/repository/io/netty/netty-resolver/4.1.42.Final/netty-resolver-4.1.42.Final.jar:/home/peejay/.m2/repository/io/netty/netty-resolver-dns/4.1.42.Final/netty-resolver-dns-4.1.42.Final.jar:/home/peejay/.m2/repository/io/netty/netty-codec-dns/4.1.42.Final/netty-codec-dns-4.1.42.Final.jar:/home/peejay/.m2/repository/com/fasterxml/jackson/core/jackson-core/2.9.9/jackson-core-2.9.9.jar:/home/peejay/.m2/repository/io/vertx/vertx-junit5/4.0.0-SNAPSHOT/vertx-junit5-4.0.0-SNAPSHOT.jar:/home/peejay/.m2/repository/io/vertx/vertx-rx-java/4.0.0-SNAPSHOT/vertx-rx-java-4.0.0-SNAPSHOT.jar:/home/peejay/.m2/repository/io/vertx/vertx-rx-java-gen/4.0.0-SNAPSHOT/vertx-rx-java-gen-4.0.0-SNAPSHOT.jar:/home/peejay/.m2/repository/io/reactivex/rxjava/1.3.8/rxjava-1.3.8.jar:/home/peejay/.m2/repository/io/vertx/vertx-rx-gen/4.0.0-SNAPSHOT/vertx-rx-gen-4.0.0-SNAPSHOT.jar:/home/peejay/.m2/repository/io/vertx/vertx-codegen/4.0.0-SNAPSHOT/vertx-codegen-4.0.0-SNAPSHOT.jar:/home/peejay/.m2/repository/org/mvel/mvel2/2.3.1.Final/mvel2-2.3.1.Final.jar:/home/peejay/.m2/repository/io/vertx/vertx-rx-java2/4.0.0-SNAPSHOT/vertx-rx-java2-4.0.0-SNAPSHOT.jar:/home/peejay/.m2/repository/io/vertx/vertx-rx-java2-gen/4.0.0-SNAPSHOT/vertx-rx-java2-gen-4.0.0-SNAPSHOT.jar:/home/peejay/.m2/repository/io/reactivex/rxjava2/rxjava/2.2.12/rxjava-2.2.12.jar:/home/peejay/.m2/repository/org/reactivestreams/reactive-streams/1.0.3/reactive-streams-1.0.3.jar:/home/peejay/.m2/repository/org/junit/jupiter/junit-jupiter-api/5.4.0/junit-jupiter-api-5.4.0.jar:/home/peejay/.m2/repository/org/apiguardian/apiguardian-api/1.0.0/apiguardian-api-1.0.0.jar:/home/peejay/.m2/repository/org/opentest4j/opentest4j/1.1.1/opentest4j-1.1.1.jar:/home/peejay/.m2/repository/org/junit/platform/junit-platform-commons/1.4.0/junit-platform-commons-1.4.0.jar:/home/peejay/.m2/repository/org/junit/jupiter/junit-jupiter-engine/5.4.0/junit-jupiter-engine-5.4.0.jar:/home/peejay/.m2/repository/org/junit/platform/junit-platform-engine/1.4.0/junit-platform-engine-1.4.0.jar:"/>
    <property name="java.vm.vendor" value="Private Build"/>
    <property name="sun.arch.data.model" value="64"/>
    <property name="java.vendor.url" value="http://java.oracle.com/"/>
    <property name="user.timezone" value=""/>
    <property name="java.vm.specification.version" value="1.8"/>
    <property name="os.name" value="Linux"/>
    <property name="user.country" value="IN"/>
    <property name="sun.java.launcher" value="SUN_STANDARD"/>
    <property name="sun.boot.library.path" value="/usr/lib/jvm/java-8-openjdk-amd64/jre/lib/amd64"/>
    <property name="sun.java.command" value="/home/peejay/Desktop/rbccps/github/iudx-ui/target/surefire/surefirebooter4029069120037627178.jar /home/peejay/Desktop/rbccps/github/iudx-ui/target/surefire 2019-11-29T11-00-06_685-jvmRun1 surefire6352028902437968615tmp surefire_08500796806925721942tmp"/>
    <property name="surefire.test.class.path" value="/home/peejay/Desktop/rbccps/github/iudx-ui/target/test-classes:/home/peejay/Desktop/rbccps/github/iudx-ui/target/classes:/home/peejay/.m2/repository/io/vertx/vertx-web/4.0.0-SNAPSHOT/vertx-web-4.0.0-SNAPSHOT.jar:/home/peejay/.m2/repository/io/vertx/vertx-web-common/4.0.0-SNAPSHOT/vertx-web-common-4.0.0-SNAPSHOT.jar:/home/peejay/.m2/repository/io/vertx/vertx-auth-common/4.0.0-SNAPSHOT/vertx-auth-common-4.0.0-SNAPSHOT.jar:/home/peejay/.m2/repository/io/vertx/vertx-bridge-common/4.0.0-SNAPSHOT/vertx-bridge-common-4.0.0-SNAPSHOT.jar:/home/peejay/.m2/repository/io/vertx/vertx-core/4.0.0-SNAPSHOT/vertx-core-4.0.0-SNAPSHOT.jar:/home/peejay/.m2/repository/io/netty/netty-common/4.1.42.Final/netty-common-4.1.42.Final.jar:/home/peejay/.m2/repository/io/netty/netty-buffer/4.1.42.Final/netty-buffer-4.1.42.Final.jar:/home/peejay/.m2/repository/io/netty/netty-transport/4.1.42.Final/netty-transport-4.1.42.Final.jar:/home/peejay/.m2/repository/io/netty/netty-handler/4.1.42.Final/netty-handler-4.1.42.Final.jar:/home/peejay/.m2/repository/io/netty/netty-codec/4.1.42.Final/netty-codec-4.1.42.Final.jar:/home/peejay/.m2/repository/io/netty/netty-handler-proxy/4.1.42.Final/netty-handler-proxy-4.1.42.Final.jar:/home/peejay/.m2/repository/io/netty/netty-codec-socks/4.1.42.Final/netty-codec-socks-4.1.42.Final.jar:/home/peejay/.m2/repository/io/netty/netty-codec-http/4.1.42.Final/netty-codec-http-4.1.42.Final.jar:/home/peejay/.m2/repository/io/netty/netty-codec-http2/4.1.42.Final/netty-codec-http2-4.1.42.Final.jar:/home/peejay/.m2/repository/io/netty/netty-resolver/4.1.42.Final/netty-resolver-4.1.42.Final.jar:/home/peejay/.m2/repository/io/netty/netty-resolver-dns/4.1.42.Final/netty-resolver-dns-4.1.42.Final.jar:/home/peejay/.m2/repository/io/netty/netty-codec-dns/4.1.42.Final/netty-codec-dns-4.1.42.Final.jar:/home/peejay/.m2/repository/com/fasterxml/jackson/core/jackson-core/2.9.9/jackson-core-2.9.9.jar:/home/peejay/.m2/repository/io/vertx/vertx-junit5/4.0.0-SNAPSHOT/vertx-junit5-4.0.0-SNAPSHOT.jar:/home/peejay/.m2/repository/io/vertx/vertx-rx-java/4.0.0-SNAPSHOT/vertx-rx-java-4.0.0-SNAPSHOT.jar:/home/peejay/.m2/repository/io/vertx/vertx-rx-java-gen/4.0.0-SNAPSHOT/vertx-rx-java-gen-4.0.0-SNAPSHOT.jar:/home/peejay/.m2/repository/io/reactivex/rxjava/1.3.8/rxjava-1.3.8.jar:/home/peejay/.m2/repository/io/vertx/vertx-rx-gen/4.0.0-SNAPSHOT/vertx-rx-gen-4.0.0-SNAPSHOT.jar:/home/peejay/.m2/repository/io/vertx/vertx-codegen/4.0.0-SNAPSHOT/vertx-codegen-4.0.0-SNAPSHOT.jar:/home/peejay/.m2/repository/org/mvel/mvel2/2.3.1.Final/mvel2-2.3.1.Final.jar:/home/peejay/.m2/repository/io/vertx/vertx-rx-java2/4.0.0-SNAPSHOT/vertx-rx-java2-4.0.0-SNAPSHOT.jar:/home/peejay/.m2/repository/io/vertx/vertx-rx-java2-gen/4.0.0-SNAPSHOT/vertx-rx-java2-gen-4.0.0-SNAPSHOT.jar:/home/peejay/.m2/repository/io/reactivex/rxjava2/rxjava/2.2.12/rxjava-2.2.12.jar:/home/peejay/.m2/repository/org/reactivestreams/reactive-streams/1.0.3/reactive-streams-1.0.3.jar:/home/peejay/.m2/repository/org/junit/jupiter/junit-jupiter-api/5.4.0/junit-jupiter-api-5.4.0.jar:/home/peejay/.m2/repository/org/apiguardian/apiguardian-api/1.0.0/apiguardian-api-1.0.0.jar:/home/peejay/.m2/repository/org/opentest4j/opentest4j/1.1.1/opentest4j-1.1.1.jar:/home/peejay/.m2/repository/org/junit/platform/junit-platform-commons/1.4.0/junit-platform-commons-1.4.0.jar:/home/peejay/.m2/repository/org/junit/jupiter/junit-jupiter-engine/5.4.0/junit-jupiter-engine-5.4.0.jar:/home/peejay/.m2/repository/org/junit/platform/junit-platform-engine/1.4.0/junit-platform-engine-1.4.0.jar:"/>
    <property name="sun.cpu.endian" value="little"/>
    <property name="user.home" value="/home/peejay"/>
    <property name="user.language" value="en"/>
    <property name="java.specification.vendor" value="Oracle Corporation"/>
    <property name="java.home" value="/usr/lib/jvm/java-8-openjdk-amd64/jre"/>
    <property name="basedir" value="/home/peejay/Desktop/rbccps/github/iudx-ui"/>
    <property name="file.separator" value="/"/>
    <property name="line.separator" value="&#10;"/>
    <property name="java.vm.specification.vendor" value="Oracle Corporation"/>
    <property name="java.specification.name" value="Java Platform API Specification"/>
    <property name="java.awt.graphicsenv" value="sun.awt.X11GraphicsEnvironment"/>
    <property name="surefire.real.class.path" value="/home/peejay/Desktop/rbccps/github/iudx-ui/target/surefire/surefirebooter4029069120037627178.jar"/>
    <property name="sun.boot.class.path" value="/usr/lib/jvm/java-8-openjdk-amd64/jre/lib/resources.jar:/usr/lib/jvm/java-8-openjdk-amd64/jre/lib/rt.jar:/usr/lib/jvm/java-8-openjdk-amd64/jre/lib/sunrsasign.jar:/usr/lib/jvm/java-8-openjdk-amd64/jre/lib/jsse.jar:/usr/lib/jvm/java-8-openjdk-amd64/jre/lib/jce.jar:/usr/lib/jvm/java-8-openjdk-amd64/jre/lib/charsets.jar:/usr/lib/jvm/java-8-openjdk-amd64/jre/lib/jfr.jar:/usr/lib/jvm/java-8-openjdk-amd64/jre/classes"/>
    <property name="sun.management.compiler" value="HotSpot 64-Bit Tiered Compilers"/>
    <property name="java.runtime.version" value="1.8.0_222-8u222-b10-1ubuntu1~16.04.1-b10"/>
    <property name="user.name" value="peejay"/>
    <property name="path.separator" value=":"/>
    <property name="os.version" value="4.15.0-70-generic"/>
    <property name="java.endorsed.dirs" value="/usr/lib/jvm/java-8-openjdk-amd64/jre/lib/endorsed"/>
    <property name="java.runtime.name" value="OpenJDK Runtime Environment"/>
    <property name="file.encoding" value="UTF-8"/>
    <property name="java.vm.name" value="OpenJDK 64-Bit Server VM"/>
    <property name="localRepository" value="/home/peejay/.m2/repository"/>
    <property name="java.vendor.url.bug" value="http://bugreport.sun.com/bugreport/"/>
    <property name="java.io.tmpdir" value="/tmp"/>
    <property name="java.version" value="1.8.0_222"/>
    <property name="user.dir" value="/home/peejay/Desktop/rbccps/github/iudx-ui"/>
    <property name="os.arch" value="amd64"/>
    <property name="java.vm.specification.name" value="Java Virtual Machine Specification"/>
    <property name="java.awt.printerjob" value="sun.print.PSPrinterJob"/>
    <property name="sun.os.patch.level" value="unknown"/>
    <property name="java.library.path" value="/usr/java/packages/lib/amd64:/usr/lib/x86_64-linux-gnu/jni:/lib/x86_64-linux-gnu:/usr/lib/x86_64-linux-gnu:/usr/lib/jni:/lib:/usr/lib"/>
    <property name="java.vm.info" value="mixed mode"/>
    <property name="java.vendor" value="Private Build"/>
    <property name="java.vm.version" value="25.222-b10"/>
    <property name="java.ext.dirs" value="/usr/lib/jvm/java-8-openjdk-amd64/jre/lib/ext:/usr/java/packages/lib/ext"/>
    <property name="sun.io.unicode.encoding" value="UnicodeLittle"/>
    <property name="java.class.version" value="52.0"/>
  </properties>
  <testcase name="verticle_deployed{Vertx, VertxTestContext}" classname="in.org.iudx.catalogue.ui.server.TestMainVerticle" time="0.297"/>
</testsuite>